make all --print-data-base --no-builtin-variables --no-builtin-rules --question
make: *** No rule to make target 'all'.  Stop.
 
# GNU Make 4.3
# Built for x86_64-pc-linux-gnu
# Copyright (C) 1988-2020 Free Software Foundation, Inc.
# License GPLv3+: GNU GPL version 3 or later <http://gnu.org/licenses/gpl.html>
# This is free software: you are free to change and redistribute it.
# There is NO WARRANTY, to the extent permitted by law.

# Make data base, printed on Wed Feb  2 02:38:01 2022

# Variables

# environment
GDK_BACKEND = x11
# environment
LC_ALL = C
# environment
I3SOCK = /run/user/1000/i3/ipc-socket.1935
# environment
VSCODE_IPC_HOOK_EXTHOST = /run/user/1000/vscode-ipc-b6d6b3df-732c-4704-aae4-5c195a29acff.sock
# environment
VSCODE_CWD = /home/josewrpereira
# environment
WINDOWPATH = 2
# environment
GDM_LANG = pt_BR.UTF-8
# default
MAKE_COMMAND := make
# environment
QT_ACCESSIBILITY = 1
# automatic
@D = $(patsubst %/,%,$(dir $@))
# environment
VSCODE_HANDLES_UNCAUGHT_ERRORS = true
# default
.VARIABLES := 
# environment
PWD = /home/josewrpereira/web/curso_uc_basico_PIC
# automatic
%D = $(patsubst %/,%,$(dir $%))
# environment
XDG_DATA_DIRS = /usr/local/share/:/usr/share/:/var/lib/snapd/desktop
# automatic
^D = $(patsubst %/,%,$(dir $^))
# environment
VSCODE_LOG_STACK = false
# automatic
%F = $(notdir $%)
# environment
VSCODE_CODE_CACHE_PATH = /home/josewrpereira/.config/Code/CachedData/899d46d82c4c95423fb7e10e68eba52050e30ba3
# environment
LANG = C
# environment
XAUTHORITY = /run/user/1000/gdm/Xauthority
# default
.LOADED := 
# default
.INCLUDE_DIRS = /usr/local/include /usr/include /usr/include
# makefile
MAKEFLAGS = pqrR
# makefile
CURDIR := /home/josewrpereira/web/curso_uc_basico_PIC
# environment
VSCODE_PIPE_LOGGING = true
# environment
APPLICATION_INSIGHTS_NO_DIAGNOSTIC_CHANNEL = true
# automatic
*D = $(patsubst %/,%,$(dir $*))
# environment
MFLAGS = -pqrR
# environment
SSH_AUTH_SOCK = /tmp/ssh-P5TyPnpt0rQ0/agent.1935
# default
.SHELLFLAGS := -c
# automatic
+D = $(patsubst %/,%,$(dir $+))
# environment
VSCODE_CRASH_REPORTER_START_OPTIONS = {"companyName":"Microsoft","productName":"VSCode","submitURL":"appcenter://code?aid=fba07a4d-84bd-4fc8-a125-9640fc8ce171&uid=d92c1004-7b46-4772-9b9f-2fa80f27a8ac&iid=d92c1004-7b46-4772-9b9f-2fa80f27a8ac&sid=d92c1004-7b46-4772-9b9f-2fa80f27a8ac","uploadToServer":true}
# environment
XDG_SESSION_DESKTOP = i3
# makefile
MAKEFILE_LIST := 
# automatic
@F = $(notdir $@)
# environment
VSCODE_VERBOSE_LOGGING = true
# environment
VSCODE_PID = 5692
# environment
XDG_SESSION_TYPE = x11
# automatic
?D = $(patsubst %/,%,$(dir $?))
# automatic
*F = $(notdir $*)
# environment
CHROME_DESKTOP = code-url-handler.desktop
# environment
DBUS_SESSION_BUS_ADDRESS = unix:path=/run/user/1000/bus
# automatic
<D = $(patsubst %/,%,$(dir $<))
# environment
VSCODE_NLS_CONFIG = {"locale":"pt-br","availableLanguages":{"*":"pt-br"},"_languagePackId":"6e345420e921ce36c9499bf33469dca7.pt-br","_translationsConfigFile":"/home/josewrpereira/.config/Code/clp/6e345420e921ce36c9499bf33469dca7.pt-br/tcf.json","_cacheRoot":"/home/josewrpereira/.config/Code/clp/6e345420e921ce36c9499bf33469dca7.pt-br","_resolvedLanguagePackCoreLocation":"/home/josewrpereira/.config/Code/clp/6e345420e921ce36c9499bf33469dca7.pt-br/899d46d82c4c95423fb7e10e68eba52050e30ba3","_corruptedFile":"/home/josewrpereira/.config/Code/clp/6e345420e921ce36c9499bf33469dca7.pt-br/corrupted.info","_languagePackSupport":true}
# environment
BREAKPAD_DUMP_LOCATION = /home/josewrpereira/.config/Code/exthost Crash Reports
# default
MAKE_HOST := x86_64-pc-linux-gnu
# makefile
SHELL = /bin/sh
# default
MAKECMDGOALS := all
# environment
PLATFORMIO_CALLER = vscode
# environment
XMODIFIERS = @im=ibus
# environment
PHANTOMJS_PLATFORM = linux
# environment
MAKELEVEL := 0
# default
MAKE = $(MAKE_COMMAND)
# environment
PATH = /home/josewrpereira/.local/bin:/usr/local/bin:/usr/bin:/bin:/usr/local/games:/usr/games:/snap/bin:/home/josewrpereira/.rvm/bin
# default
MAKEFILES := 
# automatic
^F = $(notdir $^)
# environment
VSCODE_LOG_NATIVE = false
# environment
USERNAME = josewrpereira
# automatic
?F = $(notdir $?)
# environment
XDG_SEAT = seat0
# environment
GTK_IM_MODULE = ibus
# environment
NO_PROXY = 127.0.0.1
# environment
XDG_CURRENT_DESKTOP = i3
# automatic
+F = $(notdir $+)
# environment
DESKTOP_SESSION = i3
# environment
ORIGINAL_XDG_CURRENT_DESKTOP = i3
# 'override' directive
GNUMAKEFLAGS := 
# environment
CLUTTER_IM_MODULE = ibus
# environment
LOGNAME = josewrpereira
# environment
PLATFORMIO_PATH = /home/josewrpereira/.platformio/penv/bin:/home/josewrpereira/.platformio/penv:/home/josewrpereira/.platformio/python3/bin:/home/josewrpereira/.local/bin:/usr/local/bin:/usr/bin:/bin:/usr/local/games:/usr/games:/snap/bin:/home/josewrpereira/.rvm/bin
# environment
XDG_VTNR = 2
# makefile
.DEFAULT_GOAL := 
# environment
DISPLAY = :0
# environment
USER = josewrpereira
# environment
GTK_MODULES = gail:atk-bridge
# default
MAKE_VERSION := 4.3
# environment
SSH_AGENT_PID = 1992
# environment
XDG_RUNTIME_DIR = /run/user/1000
# environment
GPG_AGENT_INFO = /run/user/1000/gnupg/S.gpg-agent:0:1
# environment
XDG_SESSION_CLASS = user
# environment
VSCODE_AMD_ENTRYPOINT = vs/workbench/services/extensions/node/extensionHostProcess
# environment
PLATFORMIO_IDE = 2.4.0
# environment
HOME = /home/josewrpereira
# environment
QT_IM_MODULE = ibus
# environment
ELECTRON_RUN_AS_NODE = 1
# environment
VSCODE_IPC_HOOK = /run/user/1000/vscode-b6c09ef6-1.63.2-main.sock
# environment
XDG_SESSION_ID = 2
# default
.RECIPEPREFIX := 
# automatic
<F = $(notdir $<)
# default
SUFFIXES := 
# environment
VSCODE_CLI = 1
# environment
ELECTRON_NO_ATTACH_CONSOLE = 1
# default
.FEATURES := target-specific order-only second-expansion else-if shortest-stem undefine oneshell nocomment grouped-target extra-prereqs archives jobserver output-sync check-symlink load
# environment
PHANTOMJS_ARCH = x64
# environment
GDMSESSION = i3
# variable set hash-table stats:
# Load=96/1024=9%, Rehash=0, Collisions=8/123=7%

# Pattern-specific Variable Values

# No pattern-specific variable values.

# Directories

# . (device 2051, inode 12846350): 36 files, no impossibilities.

# 36 files, no impossibilities in 1 directories.

# Implicit Rules

# No implicit rules.

# Files

# Not a target:
Makefile:
#  Implicit rule search has been done.
#  File does not exist.
#  File has been updated.
#  Failed to be updated.

# Not a target:
.DEFAULT:
#  Implicit rule search has not been done.
#  Modification time never checked.
#  File has not been updated.

# Not a target:
all:
#  Command line target.
#  Implicit rule search has been done.
#  File does not exist.
#  File has not been updated.

# Not a target:
makefile:
#  Implicit rule search has been done.
#  File does not exist.
#  File has been updated.
#  Failed to be updated.

# Not a target:
GNUmakefile:
#  Implicit rule search has been done.
#  File does not exist.
#  File has been updated.
#  Failed to be updated.

# files hash-table stats:
# Load=6/1024=1%, Rehash=0, Collisions=0/15=0%
# VPATH Search Paths

# No 'vpath' search paths.

# No general ('VPATH' variable) search path.

# strcache buffers: 1 (0) / strings = 44 / storage = 727 B / avg = 16 B
# current buf: size = 8162 B / used = 727 B / count = 44 / avg = 16 B

# strcache performance: lookups = 47 / hit rate = 6%
# hash-table stats:
# Load=44/8192=1%, Rehash=0, Collisions=0/47=0%
# Finished Make data base on Wed Feb  2 02:38:01 2022

 
